<?xml version="1.0" encoding="UTF-8"?>
<testng-results ignored="0" total="6" passed="6" failed="0" skipped="0">
  <reporter-output>
  </reporter-output>
  <suite started-at="2023-02-28T02:14:52 IST" name="Default suite" finished-at="2023-02-28T02:15:32 IST" duration-ms="40069">
    <groups>
    </groups>
    <test started-at="2023-02-28T02:14:52 IST" name="Default test" finished-at="2023-02-28T02:15:32 IST" duration-ms="40069">
      <class name="testng.log">
        <test-method is-config="true" signature="setup()[pri:0, instance:testng.log@27ce24aa]" started-at="2023-02-28T02:14:52 IST" name="setup" finished-at="2023-02-28T02:14:54 IST" duration-ms="1952" status="PASS">
          <reporter-output>
          </reporter-output>
        </test-method> <!-- setup -->
        <test-method signature="login()[pri:1, instance:testng.log@27ce24aa]" started-at="2023-02-28T02:14:54 IST" name="login" finished-at="2023-02-28T02:15:06 IST" duration-ms="11627" status="PASS">
          <reporter-output>
          </reporter-output>
        </test-method> <!-- login -->
        <test-method signature="subs()[pri:2, instance:testng.log@27ce24aa]" started-at="2023-02-28T02:15:06 IST" name="subs" finished-at="2023-02-28T02:15:19 IST" duration-ms="12930" status="PASS">
          <reporter-output>
          </reporter-output>
        </test-method> <!-- subs -->
        <test-method signature="homepage()[pri:3, instance:testng.log@27ce24aa]" started-at="2023-02-28T02:15:19 IST" name="homepage" finished-at="2023-02-28T02:15:23 IST" duration-ms="4363" status="PASS">
          <reporter-output>
          </reporter-output>
        </test-method> <!-- homepage -->
        <test-method signature="search()[pri:4, instance:testng.log@27ce24aa]" started-at="2023-02-28T02:15:23 IST" name="search" finished-at="2023-02-28T02:15:27 IST" duration-ms="3569" status="PASS">
          <reporter-output>
          </reporter-output>
        </test-method> <!-- search -->
        <test-method signature="categories()[pri:5, instance:testng.log@27ce24aa]" started-at="2023-02-28T02:15:27 IST" name="categories" finished-at="2023-02-28T02:15:28 IST" duration-ms="1143" status="PASS">
          <reporter-output>
          </reporter-output>
        </test-method> <!-- categories -->
        <test-method signature="productpage()[pri:6, instance:testng.log@27ce24aa]" started-at="2023-02-28T02:15:28 IST" name="productpage" finished-at="2023-02-28T02:15:32 IST" duration-ms="3907" status="PASS">
          <reporter-output>
          </reporter-output>
        </test-method> <!-- productpage -->
        <test-method is-config="true" signature="close()[pri:0, instance:testng.log@27ce24aa]" started-at="2023-02-28T02:15:32 IST" name="close" finished-at="2023-02-28T02:15:32 IST" duration-ms="513" status="PASS">
          <reporter-output>
          </reporter-output>
        </test-method> <!-- close -->
      </class> <!-- testng.log -->
    </test> <!-- Default test -->
  </suite> <!-- Default suite -->
</testng-results>
