<?xml version="1.0" encoding="UTF-8"?>
<!-- Generated by org.testng.reporters.JUnitXMLReporter -->
<testsuite ignored="0" hostname="ShahidTheSimple" failures="0" tests="6" name="Default test" time="44.018" errors="0" timestamp="2023-02-28T02:25:38 IST">
  <testcase classname="testng.log" name="login" time="13.879"/>
  <testcase classname="testng.log" name="subs" time="10.093"/>
  <testcase classname="testng.log" name="homepage" time="3.839"/>
  <testcase classname="testng.log" name="search" time="3.563"/>
  <testcase classname="testng.log" name="categories" time="2.269"/>
  <testcase classname="testng.log" name="productpage" time="7.379"/>
</testsuite> <!-- Default test -->
