<?xml version="1.0" encoding="UTF-8"?>
<!-- Generated by org.testng.reporters.JUnitXMLReporter -->
<testsuite ignored="0" hostname="ShahidTheSimple" failures="0" tests="5" name="Default test" time="33.945" errors="0" timestamp="2023-02-26T00:08:04 IST">
  <testcase classname="testng.log" name="homepage" time="3.925"/>
  <testcase classname="testng.log" name="login" time="9.773"/>
  <testcase classname="testng.log" name="opencat" time="2.734"/>
  <testcase classname="testng.log" name="search" time="5.276"/>
  <testcase classname="testng.log" name="subs" time="9.788"/>
</testsuite> <!-- Default test -->
